C:\Program Files\Microsoft Visual Studio\2022\Community\MSBuild\Microsoft\VC\v170\Microsoft.CppBuild.targets(531,5): warning MSB8028: The intermediate directory (C:\Users\LeonardoZ\Desktop\csci520\csci520_assign1_Leonardo_Zhu\\Bin\Debug\) contains files shared from another project (createWorld.vcxproj).  This can lead to incorrect clean and rebuild behavior.
  input.cpp
  jello.cpp
C:\Users\LeonardoZ\Desktop\csci520\csci520_assign1_Leonardo_Zhu\jello.cpp(43,28): warning C4305: 'argument': truncation from 'double' to 'GLclampf'
C:\Users\LeonardoZ\Desktop\csci520\csci520_assign1_Leonardo_Zhu\jello.cpp(43,22): warning C4305: 'argument': truncation from 'double' to 'GLclampf'
C:\Users\LeonardoZ\Desktop\csci520\csci520_assign1_Leonardo_Zhu\jello.cpp(43,16): warning C4305: 'argument': truncation from 'double' to 'GLclampf'
C:\Users\LeonardoZ\Desktop\csci520\csci520_assign1_Leonardo_Zhu\jello.cpp(99,21): warning C4305: 'initializing': truncation from 'double' to 'GLfloat'
C:\Users\LeonardoZ\Desktop\csci520\csci520_assign1_Leonardo_Zhu\jello.cpp(135,21): warning C4305: 'initializing': truncation from 'double' to 'GLfloat'
C:\Users\LeonardoZ\Desktop\csci520\csci520_assign1_Leonardo_Zhu\jello.cpp(135,29): warning C4305: 'initializing': truncation from 'double' to 'GLfloat'
C:\Users\LeonardoZ\Desktop\csci520\csci520_assign1_Leonardo_Zhu\jello.cpp(135,37): warning C4305: 'initializing': truncation from 'double' to 'GLfloat'
C:\Users\LeonardoZ\Desktop\csci520\csci520_assign1_Leonardo_Zhu\jello.cpp(136,21): warning C4305: 'initializing': truncation from 'double' to 'GLfloat'
C:\Users\LeonardoZ\Desktop\csci520\csci520_assign1_Leonardo_Zhu\jello.cpp(136,28): warning C4305: 'initializing': truncation from 'double' to 'GLfloat'
C:\Users\LeonardoZ\Desktop\csci520\csci520_assign1_Leonardo_Zhu\jello.cpp(136,36): warning C4305: 'initializing': truncation from 'double' to 'GLfloat'
C:\Users\LeonardoZ\Desktop\csci520\csci520_assign1_Leonardo_Zhu\jello.cpp(137,21): warning C4305: 'initializing': truncation from 'double' to 'GLfloat'
C:\Users\LeonardoZ\Desktop\csci520\csci520_assign1_Leonardo_Zhu\jello.cpp(137,28): warning C4305: 'initializing': truncation from 'double' to 'GLfloat'
C:\Users\LeonardoZ\Desktop\csci520\csci520_assign1_Leonardo_Zhu\jello.cpp(137,35): warning C4305: 'initializing': truncation from 'double' to 'GLfloat'
C:\Users\LeonardoZ\Desktop\csci520\csci520_assign1_Leonardo_Zhu\jello.cpp(138,21): warning C4305: 'initializing': truncation from 'double' to 'GLfloat'
C:\Users\LeonardoZ\Desktop\csci520\csci520_assign1_Leonardo_Zhu\jello.cpp(138,29): warning C4305: 'initializing': truncation from 'double' to 'GLfloat'
C:\Users\LeonardoZ\Desktop\csci520\csci520_assign1_Leonardo_Zhu\jello.cpp(138,36): warning C4305: 'initializing': truncation from 'double' to 'GLfloat'
C:\Users\LeonardoZ\Desktop\csci520\csci520_assign1_Leonardo_Zhu\jello.cpp(139,21): warning C4305: 'initializing': truncation from 'double' to 'GLfloat'
C:\Users\LeonardoZ\Desktop\csci520\csci520_assign1_Leonardo_Zhu\jello.cpp(139,29): warning C4305: 'initializing': truncation from 'double' to 'GLfloat'
C:\Users\LeonardoZ\Desktop\csci520\csci520_assign1_Leonardo_Zhu\jello.cpp(139,37): warning C4305: 'initializing': truncation from 'double' to 'GLfloat'
C:\Users\LeonardoZ\Desktop\csci520\csci520_assign1_Leonardo_Zhu\jello.cpp(140,21): warning C4305: 'initializing': truncation from 'double' to 'GLfloat'
C:\Users\LeonardoZ\Desktop\csci520\csci520_assign1_Leonardo_Zhu\jello.cpp(140,28): warning C4305: 'initializing': truncation from 'double' to 'GLfloat'
C:\Users\LeonardoZ\Desktop\csci520\csci520_assign1_Leonardo_Zhu\jello.cpp(140,36): warning C4305: 'initializing': truncation from 'double' to 'GLfloat'
C:\Users\LeonardoZ\Desktop\csci520\csci520_assign1_Leonardo_Zhu\jello.cpp(141,21): warning C4305: 'initializing': truncation from 'double' to 'GLfloat'
C:\Users\LeonardoZ\Desktop\csci520\csci520_assign1_Leonardo_Zhu\jello.cpp(141,28): warning C4305: 'initializing': truncation from 'double' to 'GLfloat'
C:\Users\LeonardoZ\Desktop\csci520\csci520_assign1_Leonardo_Zhu\jello.cpp(141,35): warning C4305: 'initializing': truncation from 'double' to 'GLfloat'
C:\Users\LeonardoZ\Desktop\csci520\csci520_assign1_Leonardo_Zhu\jello.cpp(142,21): warning C4305: 'initializing': truncation from 'double' to 'GLfloat'
C:\Users\LeonardoZ\Desktop\csci520\csci520_assign1_Leonardo_Zhu\jello.cpp(142,29): warning C4305: 'initializing': truncation from 'double' to 'GLfloat'
C:\Users\LeonardoZ\Desktop\csci520\csci520_assign1_Leonardo_Zhu\jello.cpp(142,36): warning C4305: 'initializing': truncation from 'double' to 'GLfloat'
C:\Users\LeonardoZ\Desktop\csci520\csci520_assign1_Leonardo_Zhu\jello.cpp(146,36): warning C4305: 'initializing': truncation from 'double' to 'GLfloat'
C:\Users\LeonardoZ\Desktop\csci520\csci520_assign1_Leonardo_Zhu\jello.cpp(147,26): warning C4305: 'initializing': truncation from 'double' to 'GLfloat'
C:\Users\LeonardoZ\Desktop\csci520\csci520_assign1_Leonardo_Zhu\jello.cpp(147,31): warning C4305: 'initializing': truncation from 'double' to 'GLfloat'
C:\Users\LeonardoZ\Desktop\csci520\csci520_assign1_Leonardo_Zhu\jello.cpp(147,36): warning C4305: 'initializing': truncation from 'double' to 'GLfloat'
C:\Users\LeonardoZ\Desktop\csci520\csci520_assign1_Leonardo_Zhu\jello.cpp(148,21): warning C4305: 'initializing': truncation from 'double' to 'GLfloat'
C:\Users\LeonardoZ\Desktop\csci520\csci520_assign1_Leonardo_Zhu\jello.cpp(148,36): warning C4305: 'initializing': truncation from 'double' to 'GLfloat'
C:\Users\LeonardoZ\Desktop\csci520\csci520_assign1_Leonardo_Zhu\jello.cpp(149,36): warning C4305: 'initializing': truncation from 'double' to 'GLfloat'
C:\Users\LeonardoZ\Desktop\csci520\csci520_assign1_Leonardo_Zhu\jello.cpp(212,7): warning C4101: 'i': unreferenced local variable
  physics.cpp
C:\Users\LeonardoZ\Desktop\csci520\csci520_assign1_Leonardo_Zhu\physics.cpp(283,12): warning C4244: 'initializing': conversion from 'double' to 'int', possible loss of data
C:\Users\LeonardoZ\Desktop\csci520\csci520_assign1_Leonardo_Zhu\physics.cpp(284,12): warning C4244: 'initializing': conversion from 'double' to 'int', possible loss of data
C:\Users\LeonardoZ\Desktop\csci520\csci520_assign1_Leonardo_Zhu\physics.cpp(285,12): warning C4244: 'initializing': conversion from 'double' to 'int', possible loss of data
  pic.cpp
C:\Users\LeonardoZ\Desktop\csci520\csci520_assign1_Leonardo_Zhu\pic.cpp(52,17): warning C4101: 'byte': unreferenced local variable
C:\Users\LeonardoZ\Desktop\csci520\csci520_assign1_Leonardo_Zhu\pic.cpp(53,9): warning C4101: 'i': unreferenced local variable
  ppm.cpp
  showCube.cpp
C:\Users\LeonardoZ\Desktop\csci520\csci520_assign1_Leonardo_Zhu\showCube.cpp(91,81): warning C4244: 'argument': conversion from 'double' to 'GLfloat', possible loss of data
C:\Users\LeonardoZ\Desktop\csci520\csci520_assign1_Leonardo_Zhu\showCube.cpp(91,61): warning C4244: 'argument': conversion from 'double' to 'GLfloat', possible loss of data
C:\Users\LeonardoZ\Desktop\csci520\csci520_assign1_Leonardo_Zhu\showCube.cpp(91,41): warning C4244: 'argument': conversion from 'double' to 'GLfloat', possible loss of data
C:\Users\LeonardoZ\Desktop\csci520\csci520_assign1_Leonardo_Zhu\showCube.cpp(103,13): warning C4244: 'argument': conversion from 'double' to 'GLfloat', possible loss of data
C:\Users\LeonardoZ\Desktop\csci520\csci520_assign1_Leonardo_Zhu\showCube.cpp(104,13): warning C4244: 'argument': conversion from 'double' to 'GLfloat', possible loss of data
C:\Users\LeonardoZ\Desktop\csci520\csci520_assign1_Leonardo_Zhu\showCube.cpp(105,13): warning C4244: 'argument': conversion from 'double' to 'GLfloat', possible loss of data
C:\Users\LeonardoZ\Desktop\csci520\csci520_assign1_Leonardo_Zhu\showCube.cpp(106,13): warning C4244: 'argument': conversion from 'double' to 'GLfloat', possible loss of data
C:\Users\LeonardoZ\Desktop\csci520\csci520_assign1_Leonardo_Zhu\showCube.cpp(107,13): warning C4244: 'argument': conversion from 'double' to 'GLfloat', possible loss of data
C:\Users\LeonardoZ\Desktop\csci520\csci520_assign1_Leonardo_Zhu\showCube.cpp(108,13): warning C4244: 'argument': conversion from 'double' to 'GLfloat', possible loss of data
C:\Users\LeonardoZ\Desktop\csci520\csci520_assign1_Leonardo_Zhu\showCube.cpp(115,13): warning C4244: 'argument': conversion from 'double' to 'GLfloat', possible loss of data
C:\Users\LeonardoZ\Desktop\csci520\csci520_assign1_Leonardo_Zhu\showCube.cpp(116,13): warning C4244: 'argument': conversion from 'double' to 'GLfloat', possible loss of data
C:\Users\LeonardoZ\Desktop\csci520\csci520_assign1_Leonardo_Zhu\showCube.cpp(117,13): warning C4244: 'argument': conversion from 'double' to 'GLfloat', possible loss of data
C:\Users\LeonardoZ\Desktop\csci520\csci520_assign1_Leonardo_Zhu\showCube.cpp(118,13): warning C4244: 'argument': conversion from 'double' to 'GLfloat', possible loss of data
C:\Users\LeonardoZ\Desktop\csci520\csci520_assign1_Leonardo_Zhu\showCube.cpp(119,13): warning C4244: 'argument': conversion from 'double' to 'GLfloat', possible loss of data
C:\Users\LeonardoZ\Desktop\csci520\csci520_assign1_Leonardo_Zhu\showCube.cpp(120,13): warning C4244: 'argument': conversion from 'double' to 'GLfloat', possible loss of data
C:\Users\LeonardoZ\Desktop\csci520\csci520_assign1_Leonardo_Zhu\showCube.cpp(121,13): warning C4244: 'argument': conversion from 'double' to 'GLfloat', possible loss of data
C:\Users\LeonardoZ\Desktop\csci520\csci520_assign1_Leonardo_Zhu\showCube.cpp(122,13): warning C4244: 'argument': conversion from 'double' to 'GLfloat', possible loss of data
C:\Users\LeonardoZ\Desktop\csci520\csci520_assign1_Leonardo_Zhu\showCube.cpp(123,13): warning C4244: 'argument': conversion from 'double' to 'GLfloat', possible loss of data
C:\Users\LeonardoZ\Desktop\csci520\csci520_assign1_Leonardo_Zhu\showCube.cpp(124,13): warning C4244: 'argument': conversion from 'double' to 'GLfloat', possible loss of data
C:\Users\LeonardoZ\Desktop\csci520\csci520_assign1_Leonardo_Zhu\showCube.cpp(125,13): warning C4244: 'argument': conversion from 'double' to 'GLfloat', possible loss of data
C:\Users\LeonardoZ\Desktop\csci520\csci520_assign1_Leonardo_Zhu\showCube.cpp(126,13): warning C4244: 'argument': conversion from 'double' to 'GLfloat', possible loss of data
C:\Users\LeonardoZ\Desktop\csci520\csci520_assign1_Leonardo_Zhu\showCube.cpp(128,13): warning C4244: 'argument': conversion from 'double' to 'GLfloat', possible loss of data
C:\Users\LeonardoZ\Desktop\csci520\csci520_assign1_Leonardo_Zhu\showCube.cpp(129,13): warning C4244: 'argument': conversion from 'double' to 'GLfloat', possible loss of data
C:\Users\LeonardoZ\Desktop\csci520\csci520_assign1_Leonardo_Zhu\showCube.cpp(130,13): warning C4244: 'argument': conversion from 'double' to 'GLfloat', possible loss of data
C:\Users\LeonardoZ\Desktop\csci520\csci520_assign1_Leonardo_Zhu\showCube.cpp(131,13): warning C4244: 'argument': conversion from 'double' to 'GLfloat', possible loss of data
C:\Users\LeonardoZ\Desktop\csci520\csci520_assign1_Leonardo_Zhu\showCube.cpp(132,13): warning C4244: 'argument': conversion from 'double' to 'GLfloat', possible loss of data
C:\Users\LeonardoZ\Desktop\csci520\csci520_assign1_Leonardo_Zhu\showCube.cpp(133,13): warning C4244: 'argument': conversion from 'double' to 'GLfloat', possible loss of data
C:\Users\LeonardoZ\Desktop\csci520\csci520_assign1_Leonardo_Zhu\showCube.cpp(134,13): warning C4244: 'argument': conversion from 'double' to 'GLfloat', possible loss of data
C:\Users\LeonardoZ\Desktop\csci520\csci520_assign1_Leonardo_Zhu\showCube.cpp(135,13): warning C4244: 'argument': conversion from 'double' to 'GLfloat', possible loss of data
C:\Users\LeonardoZ\Desktop\csci520\csci520_assign1_Leonardo_Zhu\showCube.cpp(142,13): warning C4244: 'argument': conversion from 'double' to 'GLfloat', possible loss of data
C:\Users\LeonardoZ\Desktop\csci520\csci520_assign1_Leonardo_Zhu\showCube.cpp(143,13): warning C4244: 'argument': conversion from 'double' to 'GLfloat', possible loss of data
C:\Users\LeonardoZ\Desktop\csci520\csci520_assign1_Leonardo_Zhu\showCube.cpp(144,13): warning C4244: 'argument': conversion from 'double' to 'GLfloat', possible loss of data
C:\Users\LeonardoZ\Desktop\csci520\csci520_assign1_Leonardo_Zhu\showCube.cpp(145,13): warning C4244: 'argument': conversion from 'double' to 'GLfloat', possible loss of data
C:\Users\LeonardoZ\Desktop\csci520\csci520_assign1_Leonardo_Zhu\showCube.cpp(146,13): warning C4244: 'argument': conversion from 'double' to 'GLfloat', possible loss of data
C:\Users\LeonardoZ\Desktop\csci520\csci520_assign1_Leonardo_Zhu\showCube.cpp(147,13): warning C4244: 'argument': conversion from 'double' to 'GLfloat', possible loss of data
C:\Users\LeonardoZ\Desktop\csci520\csci520_assign1_Leonardo_Zhu\showCube.cpp(218,30): warning C4244: 'argument': conversion from 'double' to 'GLfloat', possible loss of data
C:\Users\LeonardoZ\Desktop\csci520\csci520_assign1_Leonardo_Zhu\showCube.cpp(217,70): warning C4244: 'argument': conversion from 'double' to 'GLfloat', possible loss of data
C:\Users\LeonardoZ\Desktop\csci520\csci520_assign1_Leonardo_Zhu\showCube.cpp(217,39): warning C4244: 'argument': conversion from 'double' to 'GLfloat', possible loss of data
C:\Users\LeonardoZ\Desktop\csci520\csci520_assign1_Leonardo_Zhu\showCube.cpp(219,74): warning C4244: 'argument': conversion from 'double' to 'GLfloat', possible loss of data
C:\Users\LeonardoZ\Desktop\csci520\csci520_assign1_Leonardo_Zhu\showCube.cpp(219,56): warning C4244: 'argument': conversion from 'double' to 'GLfloat', possible loss of data
C:\Users\LeonardoZ\Desktop\csci520\csci520_assign1_Leonardo_Zhu\showCube.cpp(219,38): warning C4244: 'argument': conversion from 'double' to 'GLfloat', possible loss of data
C:\Users\LeonardoZ\Desktop\csci520\csci520_assign1_Leonardo_Zhu\showCube.cpp(221,32): warning C4244: 'argument': conversion from 'double' to 'GLfloat', possible loss of data
C:\Users\LeonardoZ\Desktop\csci520\csci520_assign1_Leonardo_Zhu\showCube.cpp(220,75): warning C4244: 'argument': conversion from 'double' to 'GLfloat', possible loss of data
C:\Users\LeonardoZ\Desktop\csci520\csci520_assign1_Leonardo_Zhu\showCube.cpp(220,41): warning C4244: 'argument': conversion from 'double' to 'GLfloat', possible loss of data
C:\Users\LeonardoZ\Desktop\csci520\csci520_assign1_Leonardo_Zhu\showCube.cpp(222,80): warning C4244: 'argument': conversion from 'double' to 'GLfloat', possible loss of data
C:\Users\LeonardoZ\Desktop\csci520\csci520_assign1_Leonardo_Zhu\showCube.cpp(222,60): warning C4244: 'argument': conversion from 'double' to 'GLfloat', possible loss of data
C:\Users\LeonardoZ\Desktop\csci520\csci520_assign1_Leonardo_Zhu\showCube.cpp(222,40): warning C4244: 'argument': conversion from 'double' to 'GLfloat', possible loss of data
C:\Users\LeonardoZ\Desktop\csci520\csci520_assign1_Leonardo_Zhu\showCube.cpp(261,24): warning C4305: 'argument': truncation from 'double' to 'GLfloat'
C:\Users\LeonardoZ\Desktop\csci520\csci520_assign1_Leonardo_Zhu\showCube.cpp(261,19): warning C4305: 'argument': truncation from 'double' to 'GLfloat'
C:\Users\LeonardoZ\Desktop\csci520\csci520_assign1_Leonardo_Zhu\showCube.cpp(261,14): warning C4305: 'argument': truncation from 'double' to 'GLfloat'
C:\Users\LeonardoZ\Desktop\csci520\csci520_assign1_Leonardo_Zhu\showCube.cpp(265,74): warning C4244: 'argument': conversion from 'double' to 'GLfloat', possible loss of data
C:\Users\LeonardoZ\Desktop\csci520\csci520_assign1_Leonardo_Zhu\showCube.cpp(266,72): warning C4244: 'argument': conversion from 'double' to 'GLfloat', possible loss of data
C:\Users\LeonardoZ\Desktop\csci520\csci520_assign1_Leonardo_Zhu\showCube.cpp(267,71): warning C4244: 'argument': conversion from 'double' to 'GLfloat', possible loss of data
C:\Users\LeonardoZ\Desktop\csci520\csci520_assign1_Leonardo_Zhu\showCube.cpp(268,73): warning C4244: 'argument': conversion from 'double' to 'GLfloat', possible loss of data
C:\Users\LeonardoZ\Desktop\csci520\csci520_assign1_Leonardo_Zhu\showCube.cpp(284,21): warning C4305: 'argument': truncation from 'double' to 'GLfloat'
C:\Users\LeonardoZ\Desktop\csci520\csci520_assign1_Leonardo_Zhu\showCube.cpp(284,17): warning C4305: 'argument': truncation from 'double' to 'GLfloat'
C:\Users\LeonardoZ\Desktop\csci520\csci520_assign1_Leonardo_Zhu\showCube.cpp(284,13): warning C4305: 'argument': truncation from 'double' to 'GLfloat'
C:\Users\LeonardoZ\Desktop\csci520\csci520_assign1_Leonardo_Zhu\showCube.cpp(291,16): warning C4244: 'argument': conversion from 'int' to 'GLfloat', possible loss of data
C:\Users\LeonardoZ\Desktop\csci520\csci520_assign1_Leonardo_Zhu\showCube.cpp(292,16): warning C4244: 'argument': conversion from 'int' to 'GLfloat', possible loss of data
C:\Users\LeonardoZ\Desktop\csci520\csci520_assign1_Leonardo_Zhu\showCube.cpp(296,22): warning C4244: 'argument': conversion from 'int' to 'GLfloat', possible loss of data
C:\Users\LeonardoZ\Desktop\csci520\csci520_assign1_Leonardo_Zhu\showCube.cpp(297,21): warning C4244: 'argument': conversion from 'int' to 'GLfloat', possible loss of data
C:\Users\LeonardoZ\Desktop\csci520\csci520_assign1_Leonardo_Zhu\showCube.cpp(303,16): warning C4244: 'argument': conversion from 'int' to 'GLfloat', possible loss of data
C:\Users\LeonardoZ\Desktop\csci520\csci520_assign1_Leonardo_Zhu\showCube.cpp(304,16): warning C4244: 'argument': conversion from 'int' to 'GLfloat', possible loss of data
C:\Users\LeonardoZ\Desktop\csci520\csci520_assign1_Leonardo_Zhu\showCube.cpp(308,21): warning C4244: 'argument': conversion from 'int' to 'GLfloat', possible loss of data
C:\Users\LeonardoZ\Desktop\csci520\csci520_assign1_Leonardo_Zhu\showCube.cpp(309,20): warning C4244: 'argument': conversion from 'int' to 'GLfloat', possible loss of data
C:\Users\LeonardoZ\Desktop\csci520\csci520_assign1_Leonardo_Zhu\showCube.cpp(315,19): warning C4244: 'argument': conversion from 'int' to 'GLfloat', possible loss of data
C:\Users\LeonardoZ\Desktop\csci520\csci520_assign1_Leonardo_Zhu\showCube.cpp(316,19): warning C4244: 'argument': conversion from 'int' to 'GLfloat', possible loss of data
C:\Users\LeonardoZ\Desktop\csci520\csci520_assign1_Leonardo_Zhu\showCube.cpp(320,22): warning C4244: 'argument': conversion from 'int' to 'GLfloat', possible loss of data
C:\Users\LeonardoZ\Desktop\csci520\csci520_assign1_Leonardo_Zhu\showCube.cpp(321,21): warning C4244: 'argument': conversion from 'int' to 'GLfloat', possible loss of data
C:\Users\LeonardoZ\Desktop\csci520\csci520_assign1_Leonardo_Zhu\showCube.cpp(327,18): warning C4244: 'argument': conversion from 'int' to 'GLfloat', possible loss of data
C:\Users\LeonardoZ\Desktop\csci520\csci520_assign1_Leonardo_Zhu\showCube.cpp(328,18): warning C4244: 'argument': conversion from 'int' to 'GLfloat', possible loss of data
C:\Users\LeonardoZ\Desktop\csci520\csci520_assign1_Leonardo_Zhu\showCube.cpp(332,21): warning C4244: 'argument': conversion from 'int' to 'GLfloat', possible loss of data
C:\Users\LeonardoZ\Desktop\csci520\csci520_assign1_Leonardo_Zhu\showCube.cpp(333,20): warning C4244: 'argument': conversion from 'int' to 'GLfloat', possible loss of data
  Generating Code...
C:\Users\LeonardoZ\Desktop\csci520\csci520_assign1_Leonardo_Zhu\pic.cpp(109,1): warning C4715: 'pic_get_size': not all control paths return a value
C:\Users\LeonardoZ\Desktop\csci520\csci520_assign1_Leonardo_Zhu\pic.cpp(137,1): warning C4715: 'pic_read': not all control paths return a value
C:\Users\LeonardoZ\Desktop\csci520\csci520_assign1_Leonardo_Zhu\pic.cpp(163,1): warning C4715: 'pic_write': not all control paths return a value
  jello.vcxproj -> C:\Users\LeonardoZ\Desktop\csci520\csci520_assign1_Leonardo_Zhu\Bin\Debug\jello.exe
